============================= test session starts ==============================
platform darwin -- Python 3.14.5, pytest-8.4.2, pluggy-1.6.0
rootdir: /Users/sharvajvidyutgmail.com/Desktop/files/curriculum/projects/anomaly_detection
configfile: pyproject.toml
plugins: asyncio-0.23.8, cov-5.0.0, anyio-4.14.2, Faker-40.36.0
asyncio: mode=Mode.STRICT
collected 5 items

tests/api/test_inference_router.py ...F.                                 [100%]

=================================== FAILURES ===================================
______________ test_inference_consecutive_requests_update_profile ______________

async_client = <httpx.AsyncClient object at 0x14e098050>
valid_event_payload = {'auth_method': 'password', 'auth_outcome': 'success', 'command_sequence': [], 'delivery_mode': 'batch', ...}

    @pytest.mark.asyncio
    async def test_inference_consecutive_requests_update_profile(async_client, valid_event_payload):
        """
        A test runs two consecutive inference requests for the same cold-start entity
        and confirms the second request's profile reflects the EWMA update from the first.
        """
        # 1. First Request
        response1 = await async_client.post(
            "/api/v1/inference/events",
            json={"events": [valid_event_payload]},
        )
        assert response1.status_code == 200
    
        # 2. Second Request for the same entity
        valid_event_payload["event_id"] = "test_evt_002"
        valid_event_payload["timestamp"] = datetime.now(timezone.utc).isoformat()
        response2 = await async_client.post(
            "/api/v1/inference/events",
            json={"events": [valid_event_payload]},
        )
        assert response2.status_code == 200
    
        # 3. Check the ProfileStore (attached to app state during lifespan)
        profile_store = app.state.profile_store
        profile = profile_store.get_profile("test_usr_001")
    
>       assert profile is not None
E       assert None is not None

tests/api/test_inference_router.py:158: AssertionError
---------------------------- Captured stdout setup -----------------------------
2026-07-26T15:59:26Z - sdm_inference - ERROR - SDM artifact not found at data/models/sdm_user.pt. Must train first.
------------------------------ Captured log setup ------------------------------
WARNING  anomaly_detection.api.main:main.py:82 SDM model not found at data/models/sdm_user.pt. Falling back to dummy.
=============================== warnings summary ===============================
venv/lib/python3.14/site-packages/shap/plots/colors/_colors.py:47
  /Users/sharvajvidyutgmail.com/Desktop/files/curriculum/projects/anomaly_detection/venv/lib/python3.14/site-packages/shap/plots/colors/_colors.py:47: PendingDeprecationWarning: The set_bad function will be deprecated in a future version. Use cmap.with_extremes(bad=...) or Colormap(bad=...) instead.
    red_blue.set_bad(gray_rgb.tolist(), 1.0)

venv/lib/python3.14/site-packages/shap/plots/colors/_colors.py:48
  /Users/sharvajvidyutgmail.com/Desktop/files/curriculum/projects/anomaly_detection/venv/lib/python3.14/site-packages/shap/plots/colors/_colors.py:48: PendingDeprecationWarning: The set_over function will be deprecated in a future version. Use cmap.with_extremes(over=...) or Colormap(over=...) instead.
    red_blue.set_over(gray_rgb.tolist(), 1.0)

venv/lib/python3.14/site-packages/shap/plots/colors/_colors.py:49
  /Users/sharvajvidyutgmail.com/Desktop/files/curriculum/projects/anomaly_detection/venv/lib/python3.14/site-packages/shap/plots/colors/_colors.py:49: PendingDeprecationWarning: The set_under function will be deprecated in a future version. Use cmap.with_extremes(under=...) or Colormap(under=...) instead.
    red_blue.set_under(gray_rgb.tolist(), 1.0)  # "under" is incorrectly used instead of "bad" in the scatter plot

venv/lib/python3.14/site-packages/pytest_asyncio/plugin.py:169: 201 warnings
  /Users/sharvajvidyutgmail.com/Desktop/files/curriculum/projects/anomaly_detection/venv/lib/python3.14/site-packages/pytest_asyncio/plugin.py:169: DeprecationWarning: 'asyncio.iscoroutinefunction' is deprecated and slated for removal in Python 3.16; use inspect.iscoroutinefunction() instead
    return asyncio.iscoroutinefunction(obj) or inspect.isasyncgenfunction(obj)

venv/lib/python3.14/site-packages/pytest_asyncio/plugin.py:433
venv/lib/python3.14/site-packages/pytest_asyncio/plugin.py:433
venv/lib/python3.14/site-packages/pytest_asyncio/plugin.py:433
venv/lib/python3.14/site-packages/pytest_asyncio/plugin.py:433
venv/lib/python3.14/site-packages/pytest_asyncio/plugin.py:433
  /Users/sharvajvidyutgmail.com/Desktop/files/curriculum/projects/anomaly_detection/venv/lib/python3.14/site-packages/pytest_asyncio/plugin.py:433: DeprecationWarning: 'asyncio.iscoroutinefunction' is deprecated and slated for removal in Python 3.16; use inspect.iscoroutinefunction() instead
    return asyncio.iscoroutinefunction(func)

tests/api/test_inference_router.py::test_inference_router_success
  /Users/sharvajvidyutgmail.com/Desktop/files/curriculum/projects/anomaly_detection/venv/lib/python3.14/site-packages/pytest_asyncio/plugin.py:1005: DeprecationWarning: 'asyncio.get_event_loop_policy' is deprecated and slated for removal in Python 3.16
    return asyncio.get_event_loop_policy()

tests/api/test_inference_router.py::test_inference_router_success
tests/api/test_inference_router.py::test_inference_router_rejects_label
tests/api/test_inference_router.py::test_inference_router_malformed_payload
tests/api/test_inference_router.py::test_inference_consecutive_requests_update_profile
tests/api/test_inference_router.py::test_lifespan_initializes_once
  /Users/sharvajvidyutgmail.com/Desktop/files/curriculum/projects/anomaly_detection/venv/lib/python3.14/site-packages/pytest_asyncio/plugin.py:751: DeprecationWarning: 'asyncio.get_event_loop_policy' is deprecated and slated for removal in Python 3.16
    _restore_event_loop_policy(asyncio.get_event_loop_policy()),

tests/api/test_inference_router.py::test_inference_router_success
tests/api/test_inference_router.py::test_inference_router_rejects_label
tests/api/test_inference_router.py::test_inference_router_malformed_payload
tests/api/test_inference_router.py::test_inference_consecutive_requests_update_profile
tests/api/test_inference_router.py::test_lifespan_initializes_once
  /Users/sharvajvidyutgmail.com/Desktop/files/curriculum/projects/anomaly_detection/venv/lib/python3.14/site-packages/pytest_asyncio/plugin.py:977: DeprecationWarning: 'asyncio.set_event_loop_policy' is deprecated and slated for removal in Python 3.16
    asyncio.set_event_loop_policy(new_loop_policy)

tests/api/test_inference_router.py::test_inference_router_success
tests/api/test_inference_router.py::test_inference_router_rejects_label
tests/api/test_inference_router.py::test_inference_router_malformed_payload
tests/api/test_inference_router.py::test_inference_consecutive_requests_update_profile
tests/api/test_inference_router.py::test_lifespan_initializes_once
  /Users/sharvajvidyutgmail.com/Desktop/files/curriculum/projects/anomaly_detection/venv/lib/python3.14/site-packages/pytest_asyncio/plugin.py:978: DeprecationWarning: 'asyncio.get_event_loop_policy' is deprecated and slated for removal in Python 3.16
    loop = asyncio.get_event_loop_policy().new_event_loop()

tests/api/test_inference_router.py::test_inference_router_success
tests/api/test_inference_router.py::test_inference_router_rejects_label
tests/api/test_inference_router.py::test_inference_router_malformed_payload
tests/api/test_inference_router.py::test_inference_consecutive_requests_update_profile
tests/api/test_inference_router.py::test_lifespan_initializes_once
  /Users/sharvajvidyutgmail.com/Desktop/files/curriculum/projects/anomaly_detection/venv/lib/python3.14/site-packages/pytest_asyncio/plugin.py:766: DeprecationWarning: 'asyncio.get_event_loop_policy' is deprecated and slated for removal in Python 3.16
    policy = asyncio.get_event_loop_policy()

tests/api/test_inference_router.py::test_inference_router_success
tests/api/test_inference_router.py::test_inference_router_rejects_label
tests/api/test_inference_router.py::test_inference_router_malformed_payload
tests/api/test_inference_router.py::test_inference_consecutive_requests_update_profile
tests/api/test_inference_router.py::test_lifespan_initializes_once
  /Users/sharvajvidyutgmail.com/Desktop/files/curriculum/projects/anomaly_detection/venv/lib/python3.14/site-packages/pytest_asyncio/plugin.py:811: DeprecationWarning: 'asyncio.get_event_loop_policy' is deprecated and slated for removal in Python 3.16
    policy = asyncio.get_event_loop_policy()

tests/api/test_inference_router.py::test_inference_router_success
tests/api/test_inference_router.py::test_inference_router_rejects_label
tests/api/test_inference_router.py::test_inference_router_malformed_payload
tests/api/test_inference_router.py::test_inference_consecutive_requests_update_profile
tests/api/test_inference_router.py::test_lifespan_initializes_once
  /Users/sharvajvidyutgmail.com/Desktop/files/curriculum/projects/anomaly_detection/venv/lib/python3.14/site-packages/pytest_asyncio/plugin.py:835: DeprecationWarning: 'asyncio.set_event_loop_policy' is deprecated and slated for removal in Python 3.16
    asyncio.set_event_loop_policy(previous_policy)

tests/api/test_inference_router.py::test_inference_router_success
tests/api/test_inference_router.py::test_inference_router_rejects_label
tests/api/test_inference_router.py::test_inference_router_malformed_payload
tests/api/test_inference_router.py::test_inference_consecutive_requests_update_profile
tests/api/test_inference_router.py::test_lifespan_initializes_once
  /Users/sharvajvidyutgmail.com/Desktop/files/curriculum/projects/anomaly_detection/venv/lib/python3.14/site-packages/pytest_asyncio/plugin.py:847: DeprecationWarning: 'asyncio.get_event_loop_policy' is deprecated and slated for removal in Python 3.16
    policy = asyncio.get_event_loop_policy()

tests/api/test_inference_router.py::test_inference_router_rejects_label
tests/api/test_inference_router.py::test_inference_router_malformed_payload
  /Users/sharvajvidyutgmail.com/Desktop/files/curriculum/projects/anomaly_detection/venv/lib/python3.14/site-packages/starlette/_exception_handler.py:59: StarletteDeprecationWarning: 'HTTP_422_UNPROCESSABLE_ENTITY' is deprecated. Use 'HTTP_422_UNPROCESSABLE_CONTENT' instead.
    response = await handler(conn, exc)  # type: ignore[arg-type]

-- Docs: https://docs.pytest.org/en/stable/how-to/capture-warnings.html

---------- coverage: platform darwin, python 3.14.5-final-0 ----------
Name                                                                       Stmts   Miss  Cover   Missing
--------------------------------------------------------------------------------------------------------
src/anomaly_detection/__init__.py                                              0      0   100%
src/anomaly_detection/api/__init__.py                                          0      0   100%
src/anomaly_detection/api/dependencies.py                                     19      9    53%   13, 19-22, 27-30
src/anomaly_detection/api/main.py                                             94      7    93%   42, 57-59, 158-159, 170
src/anomaly_detection/api/middleware.py                                       29      2    93%   55-60
src/anomaly_detection/api/routers/__init__.py                                  2      0   100%
src/anomaly_detection/api/routers/alerts.py                                    2      0   100%
src/anomaly_detection/api/routers/entities.py                                  2      0   100%
src/anomaly_detection/api/routers/inference.py                                34      5    85%   63-71
src/anomaly_detection/classifier/__init__.py                                   0      0   100%
src/anomaly_detection/cold_start/__init__.py                                   0      0   100%
src/anomaly_detection/common/__init__.py                                       0      0   100%
src/anomaly_detection/common/config.py                                        22      3    86%   65-67
src/anomaly_detection/common/exceptions.py                                     8      8     0%   9-23
src/anomaly_detection/common/logging.py                                       16      0   100%
src/anomaly_detection/common/models/__init__.py                                8      0   100%
src/anomaly_detection/common/models/access_log.py                             46      0   100%
src/anomaly_detection/common/models/alerts.py                                 49      0   100%
src/anomaly_detection/common/models/entities.py                               36      0   100%
src/anomaly_detection/common/models/enums.py                                  25      0   100%
src/anomaly_detection/common/models/features.py                               18      0   100%
src/anomaly_detection/common/models/ml_io.py                                  51      0   100%
src/anomaly_detection/data_generator/__init__.py                               7      7     0%   13-24
src/anomaly_detection/data_generator/attack_injector.py                      115    115     0%   11-257
src/anomaly_detection/data_generator/attackers/__init__.py                     0      0   100%
src/anomaly_detection/data_generator/attackers/base.py                        47     47     0%   10-132
src/anomaly_detection/data_generator/attackers/brute_force.py                 44     44     0%   11-128
src/anomaly_detection/data_generator/attackers/credential_stuffing.py         63     63     0%   11-171
src/anomaly_detection/data_generator/attackers/device_spoofing.py             64     64     0%   12-172
src/anomaly_detection/data_generator/attackers/impossible_travel.py           62     62     0%   11-139
src/anomaly_detection/data_generator/attackers/insider_drift.py               90     90     0%   19-239
src/anomaly_detection/data_generator/attackers/lateral_movement.py            78     78     0%   13-190
src/anomaly_detection/data_generator/attackers/low_and_slow.py                57     57     0%   12-145
src/anomaly_detection/data_generator/config.py                                45     45     0%   8-240
src/anomaly_detection/data_generator/entity_profiles.py                       71     71     0%   8-241
src/anomaly_detection/data_generator/generator.py                            334    334     0%   11-1014
src/anomaly_detection/data_generator/injection_config.py                      83     83     0%   8-165
src/anomaly_detection/drift/__init__.py                                        0      0   100%
src/anomaly_detection/evaluation/__init__.py                                   0      0   100%
src/anomaly_detection/explainability/__init__.py                               0      0   100%
src/anomaly_detection/feature_engineering/__init__.py                          7      0   100%
src/anomaly_detection/feature_engineering/config.py                           54      0   100%
src/anomaly_detection/feature_engineering/encoders.py                         95     33    65%   228-230, 345-355, 378-379, 418-424, 456-460, 489-493, 597, 633, 672
src/anomaly_detection/feature_engineering/feature_extractor.py                71     15    79%   155-156, 180, 193, 199, 203-205, 256-257, 325-331
src/anomaly_detection/feature_engineering/feature_pipeline.py                 91     53    42%   145-209, 236-246, 268-280, 344, 365
src/anomaly_detection/feature_engineering/geo_velocity.py                     27      1    96%   132
src/anomaly_detection/feature_engineering/profile_store_interface.py          19      1    95%   158
src/anomaly_detection/feature_engineering/sequence_builder.py                 56     22    61%   67, 141-148, 171-176, 206, 236-243, 262, 280
src/anomaly_detection/feature_engineering/session_builder.py                 108      9    92%   203-205, 322-325, 334, 352
src/anomaly_detection/models/__init__.py                                       0      0   100%
src/anomaly_detection/models/behavioral_profiling/__init__.py                  0      0   100%
src/anomaly_detection/models/fusion/__init__.py                                2      0   100%
src/anomaly_detection/models/fusion/score_fusion.py                           31      3    90%   29, 77, 79
src/anomaly_detection/models/sequence_detection/__init__.py                    7      0   100%
src/anomaly_detection/models/sequence_detection/attribution_interface.py      47     30    36%   20-21, 42, 52-59, 74-76, 84-123
src/anomaly_detection/models/sequence_detection/base.py                       51     34    33%   21-22, 39-53, 61-70, 79-92, 102-105, 117-125, 130-137, 143-148
src/anomaly_detection/models/sequence_detection/config.py                     42      5    88%   112-113, 117-118, 123
src/anomaly_detection/models/sequence_detection/dataset.py                    50     39    22%   29-36, 39, 42-44, 59-79, 100-118
src/anomaly_detection/models/sequence_detection/inference.py                  58     38    34%   33-35, 45-55, 64-126
src/anomaly_detection/models/sequence_detection/trainer.py                   107     87    19%   28-36, 54-70, 74-93, 98-112, 120-167, 177-216
src/anomaly_detection/stores/__init__.py                                       0      0   100%
src/anomaly_detection/stores/alert_store.py                                   41     22    46%   26, 33, 40, 59, 67, 74, 81-102
src/anomaly_detection/stores/backends/__init__.py                              0      0   100%
src/anomaly_detection/stores/backends/in_memory.py                            46     34    26%   20-22, 25, 28-30, 35, 48-88, 91-96, 99-100
src/anomaly_detection/stores/backends/sqlite.py                               80     50    38%   78-79, 110-111, 128-134, 171-227, 230-236, 239-247
src/anomaly_detection/streaming/__init__.py                                    0      0   100%
src/classification/__init__.py                                                 5      0   100%
src/classification/classifier.py                                              80     62    22%   34-35, 41-44, 55-115, 138-176, 187-196, 203-208
src/classification/config.py                                                   9      0   100%
src/classification/dataset.py                                                 42     28    33%   33-48, 54, 60-65, 82-106, 112
src/classification/trainer.py                                                 29     20    31%   19, 32-85
src/cold_start/__init__.py                                                     0      0   100%
src/cold_start/config.py                                                       6      6     0%   5-40
src/cold_start/event_counter.py                                               44     44     0%   5-84
src/cold_start/handler.py                                                     52     52     0%   5-150
src/drift/__init__.py                                                          3      0   100%
src/drift/config.py                                                            6      0   100%
src/drift/ewma_updater.py                                                     38     11    71%   74, 80-93, 101-102, 113, 120-121
src/explainability/__init__.py                                                 3      0   100%
src/explainability/attribution_engine.py                                      60     37    38%   35-64, 70-100, 110, 114-129
src/explainability/config.py                                                   9      0   100%
src/explainability/consistency_validator.py                                   27     13    52%   47-68
src/explainability/engine.py                                                  49      5    90%   58, 93-94, 96-97
src/explainability/feature_phrase_map.py                                       1      0   100%
src/explainability/narrative_translator.py                                   102     47    54%   23-32, 39, 41, 43, 45, 47, 49, 51, 53, 58, 69-74, 92-103, 128, 131-135, 149, 152-156, 164, 168, 170, 174, 182, 185-186, 193
src/explainability/templates/__init__.py                                      10      0   100%
src/explainability/templates/brute_force.py                                    1      0   100%
src/explainability/templates/cold_start_modifier.py                            1      0   100%
src/explainability/templates/credential_stuffing.py                            1      0   100%
src/explainability/templates/device_spoofing.py                                1      0   100%
src/explainability/templates/impossible_travel.py                              1      0   100%
src/explainability/templates/insider_drift.py                                  2      0   100%
src/explainability/templates/lateral_movement.py                               1      0   100%
src/explainability/templates/low_and_slow.py                                   2      0   100%
src/explainability/templates/unclassified.py                                   1      0   100%
src/orchestrator/__init__.py                                                   4      0   100%
src/orchestrator/alert_builder.py                                             31     13    58%   43-44, 74-77, 82-88
src/orchestrator/config.py                                                     6      0   100%
src/orchestrator/pipeline.py                                                  67      5    93%   171, 194-197
src/profiling/__init__.py                                                      5      0   100%
src/profiling/config.py                                                       11      0   100%
src/profiling/population_prior.py                                             38     21    45%   41-56, 77-85, 91-94
src/profiling/profile_model.py                                                82     30    63%   66-127, 147-148, 161-164
src/profiling/profile_store.py                                                28     11    61%   41, 47, 53-65, 71-75
--------------------------------------------------------------------------------------------------------
TOTAL                                                                       3569   2075    42%

=========================== short test summary info ============================
FAILED tests/api/test_inference_router.py::test_inference_consecutive_requests_update_profile
================== 1 failed, 4 passed, 247 warnings in 6.69s ===================
