============================= test session starts ==============================
platform darwin -- Python 3.14.5, pytest-8.4.2, pluggy-1.6.0
rootdir: /Users/sharvajvidyutgmail.com/Desktop/files/curriculum/projects/anomaly_detection
configfile: pyproject.toml
plugins: asyncio-0.23.8, cov-5.0.0, anyio-4.14.2, Faker-40.36.0
asyncio: mode=Mode.STRICT
collected 5 items

tests/api/test_inference_router.py EEEEE                                 [100%]

==================================== ERRORS ====================================
_______________ ERROR at setup of test_inference_router_success ________________

    @pytest_asyncio.fixture
    async def async_client():
        """Provides an async test client for the API."""
>       async with lifespan(app):
                   ^^^^^^^^^^^^^

tests/api/test_inference_router.py:19: 
_ _ _ _ _ _ _ _ _ _ _ _ _ _ _ _ _ _ _ _ _ _ _ _ _ _ _ _ _ _ _ _ _ _ _ _ _ _ _ _ 
/opt/homebrew/Cellar/python@3.14/3.14.5/Frameworks/Python.framework/Versions/3.14/lib/python3.14/contextlib.py:214: in __aenter__
    return await anext(self.gen)
           ^^^^^^^^^^^^^^^^^^^^^
src/anomaly_detection/api/main.py:67: in lifespan
    alert_store = init_alert_store(config)
                  ^^^^^^^^^^^^^^^^^^^^^^^^
_ _ _ _ _ _ _ _ _ _ _ _ _ _ _ _ _ _ _ _ _ _ _ _ _ _ _ _ _ _ _ _ _ _ _ _ _ _ _ _ 

config = {'api': {'cors_origins': ['http://localhost:3000', 'http://127.0.0.1:3000'], 'host': '0.0.0.0', 'port': 8000}, 'app_na...nation': 0.01, 'bpm_n_estimators': 200, 'fusion_threshold': 0.5, 'fusion_weights': {'bpm': 0.5, 'sdm': 0.5}, ...}, ...}

    def init_alert_store(config: dict):
        store_conf = config.get("stores", {}).get("alert_store", {})
        backend = store_conf.get("backend", "in_memory")
        if backend == "sqlite":
            path = store_conf.get("sqlite_path", "data/alerts.db")
            store = SQLiteAlertStore(db_path=path)
>           store._initialize_db()
            ^^^^^^^^^^^^^^^^^^^^
E           AttributeError: 'SQLiteAlertStore' object has no attribute '_initialize_db'

src/anomaly_detection/api/main.py:40: AttributeError
____________ ERROR at setup of test_inference_router_rejects_label _____________

    @pytest_asyncio.fixture
    async def async_client():
        """Provides an async test client for the API."""
>       async with lifespan(app):
                   ^^^^^^^^^^^^^

tests/api/test_inference_router.py:19: 
_ _ _ _ _ _ _ _ _ _ _ _ _ _ _ _ _ _ _ _ _ _ _ _ _ _ _ _ _ _ _ _ _ _ _ _ _ _ _ _ 
/opt/homebrew/Cellar/python@3.14/3.14.5/Frameworks/Python.framework/Versions/3.14/lib/python3.14/contextlib.py:214: in __aenter__
    return await anext(self.gen)
           ^^^^^^^^^^^^^^^^^^^^^
src/anomaly_detection/api/main.py:67: in lifespan
    alert_store = init_alert_store(config)
                  ^^^^^^^^^^^^^^^^^^^^^^^^
_ _ _ _ _ _ _ _ _ _ _ _ _ _ _ _ _ _ _ _ _ _ _ _ _ _ _ _ _ _ _ _ _ _ _ _ _ _ _ _ 

config = {'api': {'cors_origins': ['http://localhost:3000', 'http://127.0.0.1:3000'], 'host': '0.0.0.0', 'port': 8000}, 'app_na...nation': 0.01, 'bpm_n_estimators': 200, 'fusion_threshold': 0.5, 'fusion_weights': {'bpm': 0.5, 'sdm': 0.5}, ...}, ...}

    def init_alert_store(config: dict):
        store_conf = config.get("stores", {}).get("alert_store", {})
        backend = store_conf.get("backend", "in_memory")
        if backend == "sqlite":
            path = store_conf.get("sqlite_path", "data/alerts.db")
            store = SQLiteAlertStore(db_path=path)
>           store._initialize_db()
            ^^^^^^^^^^^^^^^^^^^^
E           AttributeError: 'SQLiteAlertStore' object has no attribute '_initialize_db'

src/anomaly_detection/api/main.py:40: AttributeError
__________ ERROR at setup of test_inference_router_malformed_payload ___________

    @pytest_asyncio.fixture
    async def async_client():
        """Provides an async test client for the API."""
>       async with lifespan(app):
                   ^^^^^^^^^^^^^

tests/api/test_inference_router.py:19: 
_ _ _ _ _ _ _ _ _ _ _ _ _ _ _ _ _ _ _ _ _ _ _ _ _ _ _ _ _ _ _ _ _ _ _ _ _ _ _ _ 
/opt/homebrew/Cellar/python@3.14/3.14.5/Frameworks/Python.framework/Versions/3.14/lib/python3.14/contextlib.py:214: in __aenter__
    return await anext(self.gen)
           ^^^^^^^^^^^^^^^^^^^^^
src/anomaly_detection/api/main.py:67: in lifespan
    alert_store = init_alert_store(config)
                  ^^^^^^^^^^^^^^^^^^^^^^^^
_ _ _ _ _ _ _ _ _ _ _ _ _ _ _ _ _ _ _ _ _ _ _ _ _ _ _ _ _ _ _ _ _ _ _ _ _ _ _ _ 

config = {'api': {'cors_origins': ['http://localhost:3000', 'http://127.0.0.1:3000'], 'host': '0.0.0.0', 'port': 8000}, 'app_na...nation': 0.01, 'bpm_n_estimators': 200, 'fusion_threshold': 0.5, 'fusion_weights': {'bpm': 0.5, 'sdm': 0.5}, ...}, ...}

    def init_alert_store(config: dict):
        store_conf = config.get("stores", {}).get("alert_store", {})
        backend = store_conf.get("backend", "in_memory")
        if backend == "sqlite":
            path = store_conf.get("sqlite_path", "data/alerts.db")
            store = SQLiteAlertStore(db_path=path)
>           store._initialize_db()
            ^^^^^^^^^^^^^^^^^^^^
E           AttributeError: 'SQLiteAlertStore' object has no attribute '_initialize_db'

src/anomaly_detection/api/main.py:40: AttributeError
_____ ERROR at setup of test_inference_consecutive_requests_update_profile _____

    @pytest_asyncio.fixture
    async def async_client():
        """Provides an async test client for the API."""
>       async with lifespan(app):
                   ^^^^^^^^^^^^^

tests/api/test_inference_router.py:19: 
_ _ _ _ _ _ _ _ _ _ _ _ _ _ _ _ _ _ _ _ _ _ _ _ _ _ _ _ _ _ _ _ _ _ _ _ _ _ _ _ 
/opt/homebrew/Cellar/python@3.14/3.14.5/Frameworks/Python.framework/Versions/3.14/lib/python3.14/contextlib.py:214: in __aenter__
    return await anext(self.gen)
           ^^^^^^^^^^^^^^^^^^^^^
src/anomaly_detection/api/main.py:67: in lifespan
    alert_store = init_alert_store(config)
                  ^^^^^^^^^^^^^^^^^^^^^^^^
_ _ _ _ _ _ _ _ _ _ _ _ _ _ _ _ _ _ _ _ _ _ _ _ _ _ _ _ _ _ _ _ _ _ _ _ _ _ _ _ 

config = {'api': {'cors_origins': ['http://localhost:3000', 'http://127.0.0.1:3000'], 'host': '0.0.0.0', 'port': 8000}, 'app_na...nation': 0.01, 'bpm_n_estimators': 200, 'fusion_threshold': 0.5, 'fusion_weights': {'bpm': 0.5, 'sdm': 0.5}, ...}, ...}

    def init_alert_store(config: dict):
        store_conf = config.get("stores", {}).get("alert_store", {})
        backend = store_conf.get("backend", "in_memory")
        if backend == "sqlite":
            path = store_conf.get("sqlite_path", "data/alerts.db")
            store = SQLiteAlertStore(db_path=path)
>           store._initialize_db()
            ^^^^^^^^^^^^^^^^^^^^
E           AttributeError: 'SQLiteAlertStore' object has no attribute '_initialize_db'

src/anomaly_detection/api/main.py:40: AttributeError
_______________ ERROR at setup of test_lifespan_initializes_once _______________

    @pytest_asyncio.fixture
    async def async_client():
        """Provides an async test client for the API."""
>       async with lifespan(app):
                   ^^^^^^^^^^^^^

tests/api/test_inference_router.py:19: 
_ _ _ _ _ _ _ _ _ _ _ _ _ _ _ _ _ _ _ _ _ _ _ _ _ _ _ _ _ _ _ _ _ _ _ _ _ _ _ _ 
/opt/homebrew/Cellar/python@3.14/3.14.5/Frameworks/Python.framework/Versions/3.14/lib/python3.14/contextlib.py:214: in __aenter__
    return await anext(self.gen)
           ^^^^^^^^^^^^^^^^^^^^^
src/anomaly_detection/api/main.py:67: in lifespan
    alert_store = init_alert_store(config)
                  ^^^^^^^^^^^^^^^^^^^^^^^^
_ _ _ _ _ _ _ _ _ _ _ _ _ _ _ _ _ _ _ _ _ _ _ _ _ _ _ _ _ _ _ _ _ _ _ _ _ _ _ _ 

config = {'api': {'cors_origins': ['http://localhost:3000', 'http://127.0.0.1:3000'], 'host': '0.0.0.0', 'port': 8000}, 'app_na...nation': 0.01, 'bpm_n_estimators': 200, 'fusion_threshold': 0.5, 'fusion_weights': {'bpm': 0.5, 'sdm': 0.5}, ...}, ...}

    def init_alert_store(config: dict):
        store_conf = config.get("stores", {}).get("alert_store", {})
        backend = store_conf.get("backend", "in_memory")
        if backend == "sqlite":
            path = store_conf.get("sqlite_path", "data/alerts.db")
            store = SQLiteAlertStore(db_path=path)
>           store._initialize_db()
            ^^^^^^^^^^^^^^^^^^^^
E           AttributeError: 'SQLiteAlertStore' object has no attribute '_initialize_db'

src/anomaly_detection/api/main.py:40: AttributeError
=============================== warnings summary ===============================
venv/lib/python3.14/site-packages/shap/plots/colors/_colors.py:47
  /Users/sharvajvidyutgmail.com/Desktop/files/curriculum/projects/anomaly_detection/venv/lib/python3.14/site-packages/shap/plots/colors/_colors.py:47: PendingDeprecationWarning: The set_bad function will be deprecated in a future version. Use cmap.with_extremes(bad=...) or Colormap(bad=...) instead.
    red_blue.set_bad(gray_rgb.tolist(), 1.0)

venv/lib/python3.14/site-packages/shap/plots/colors/_colors.py:48
  /Users/sharvajvidyutgmail.com/Desktop/files/curriculum/projects/anomaly_detection/venv/lib/python3.14/site-packages/shap/plots/colors/_colors.py:48: PendingDeprecationWarning: The set_over function will be deprecated in a future version. Use cmap.with_extremes(over=...) or Colormap(over=...) instead.
    red_blue.set_over(gray_rgb.tolist(), 1.0)

venv/lib/python3.14/site-packages/shap/plots/colors/_colors.py:49
  /Users/sharvajvidyutgmail.com/Desktop/files/curriculum/projects/anomaly_detection/venv/lib/python3.14/site-packages/shap/plots/colors/_colors.py:49: PendingDeprecationWarning: The set_under function will be deprecated in a future version. Use cmap.with_extremes(under=...) or Colormap(under=...) instead.
    red_blue.set_under(gray_rgb.tolist(), 1.0)  # "under" is incorrectly used instead of "bad" in the scatter plot

venv/lib/python3.14/site-packages/pytest_asyncio/plugin.py:169: 201 warnings
  /Users/sharvajvidyutgmail.com/Desktop/files/curriculum/projects/anomaly_detection/venv/lib/python3.14/site-packages/pytest_asyncio/plugin.py:169: DeprecationWarning: 'asyncio.iscoroutinefunction' is deprecated and slated for removal in Python 3.16; use inspect.iscoroutinefunction() instead
    return asyncio.iscoroutinefunction(obj) or inspect.isasyncgenfunction(obj)

venv/lib/python3.14/site-packages/pytest_asyncio/plugin.py:433
venv/lib/python3.14/site-packages/pytest_asyncio/plugin.py:433
venv/lib/python3.14/site-packages/pytest_asyncio/plugin.py:433
venv/lib/python3.14/site-packages/pytest_asyncio/plugin.py:433
venv/lib/python3.14/site-packages/pytest_asyncio/plugin.py:433
  /Users/sharvajvidyutgmail.com/Desktop/files/curriculum/projects/anomaly_detection/venv/lib/python3.14/site-packages/pytest_asyncio/plugin.py:433: DeprecationWarning: 'asyncio.iscoroutinefunction' is deprecated and slated for removal in Python 3.16; use inspect.iscoroutinefunction() instead
    return asyncio.iscoroutinefunction(func)

tests/api/test_inference_router.py::test_inference_router_success
  /Users/sharvajvidyutgmail.com/Desktop/files/curriculum/projects/anomaly_detection/venv/lib/python3.14/site-packages/pytest_asyncio/plugin.py:1005: DeprecationWarning: 'asyncio.get_event_loop_policy' is deprecated and slated for removal in Python 3.16
    return asyncio.get_event_loop_policy()

tests/api/test_inference_router.py::test_inference_router_success
tests/api/test_inference_router.py::test_inference_router_rejects_label
tests/api/test_inference_router.py::test_inference_router_malformed_payload
tests/api/test_inference_router.py::test_inference_consecutive_requests_update_profile
tests/api/test_inference_router.py::test_lifespan_initializes_once
  /Users/sharvajvidyutgmail.com/Desktop/files/curriculum/projects/anomaly_detection/venv/lib/python3.14/site-packages/pytest_asyncio/plugin.py:751: DeprecationWarning: 'asyncio.get_event_loop_policy' is deprecated and slated for removal in Python 3.16
    _restore_event_loop_policy(asyncio.get_event_loop_policy()),

tests/api/test_inference_router.py::test_inference_router_success
tests/api/test_inference_router.py::test_inference_router_rejects_label
tests/api/test_inference_router.py::test_inference_router_malformed_payload
tests/api/test_inference_router.py::test_inference_consecutive_requests_update_profile
tests/api/test_inference_router.py::test_lifespan_initializes_once
  /Users/sharvajvidyutgmail.com/Desktop/files/curriculum/projects/anomaly_detection/venv/lib/python3.14/site-packages/pytest_asyncio/plugin.py:977: DeprecationWarning: 'asyncio.set_event_loop_policy' is deprecated and slated for removal in Python 3.16
    asyncio.set_event_loop_policy(new_loop_policy)

tests/api/test_inference_router.py::test_inference_router_success
tests/api/test_inference_router.py::test_inference_router_rejects_label
tests/api/test_inference_router.py::test_inference_router_malformed_payload
tests/api/test_inference_router.py::test_inference_consecutive_requests_update_profile
tests/api/test_inference_router.py::test_lifespan_initializes_once
  /Users/sharvajvidyutgmail.com/Desktop/files/curriculum/projects/anomaly_detection/venv/lib/python3.14/site-packages/pytest_asyncio/plugin.py:978: DeprecationWarning: 'asyncio.get_event_loop_policy' is deprecated and slated for removal in Python 3.16
    loop = asyncio.get_event_loop_policy().new_event_loop()

tests/api/test_inference_router.py::test_inference_router_success
tests/api/test_inference_router.py::test_inference_router_rejects_label
tests/api/test_inference_router.py::test_inference_router_malformed_payload
tests/api/test_inference_router.py::test_inference_consecutive_requests_update_profile
tests/api/test_inference_router.py::test_lifespan_initializes_once
  /Users/sharvajvidyutgmail.com/Desktop/files/curriculum/projects/anomaly_detection/venv/lib/python3.14/site-packages/pytest_asyncio/plugin.py:766: DeprecationWarning: 'asyncio.get_event_loop_policy' is deprecated and slated for removal in Python 3.16
    policy = asyncio.get_event_loop_policy()

tests/api/test_inference_router.py::test_inference_router_success
tests/api/test_inference_router.py::test_inference_router_rejects_label
tests/api/test_inference_router.py::test_inference_router_malformed_payload
tests/api/test_inference_router.py::test_inference_consecutive_requests_update_profile
tests/api/test_inference_router.py::test_lifespan_initializes_once
  /Users/sharvajvidyutgmail.com/Desktop/files/curriculum/projects/anomaly_detection/venv/lib/python3.14/site-packages/pytest_asyncio/plugin.py:811: DeprecationWarning: 'asyncio.get_event_loop_policy' is deprecated and slated for removal in Python 3.16
    policy = asyncio.get_event_loop_policy()

tests/api/test_inference_router.py::test_inference_router_success
tests/api/test_inference_router.py::test_inference_router_rejects_label
tests/api/test_inference_router.py::test_inference_router_malformed_payload
tests/api/test_inference_router.py::test_inference_consecutive_requests_update_profile
tests/api/test_inference_router.py::test_lifespan_initializes_once
  /Users/sharvajvidyutgmail.com/Desktop/files/curriculum/projects/anomaly_detection/venv/lib/python3.14/site-packages/pytest_asyncio/plugin.py:835: DeprecationWarning: 'asyncio.set_event_loop_policy' is deprecated and slated for removal in Python 3.16
    asyncio.set_event_loop_policy(previous_policy)

tests/api/test_inference_router.py::test_inference_router_success
tests/api/test_inference_router.py::test_inference_router_rejects_label
tests/api/test_inference_router.py::test_inference_router_malformed_payload
tests/api/test_inference_router.py::test_inference_consecutive_requests_update_profile
tests/api/test_inference_router.py::test_lifespan_initializes_once
  /Users/sharvajvidyutgmail.com/Desktop/files/curriculum/projects/anomaly_detection/venv/lib/python3.14/site-packages/pytest_asyncio/plugin.py:847: DeprecationWarning: 'asyncio.get_event_loop_policy' is deprecated and slated for removal in Python 3.16
    policy = asyncio.get_event_loop_policy()

-- Docs: https://docs.pytest.org/en/stable/how-to/capture-warnings.html

---------- coverage: platform darwin, python 3.14.5-final-0 ----------
Name                                                                       Stmts   Miss  Cover   Missing
--------------------------------------------------------------------------------------------------------
src/anomaly_detection/__init__.py                                              0      0   100%
src/anomaly_detection/api/__init__.py                                          0      0   100%
src/anomaly_detection/api/dependencies.py                                     19     12    37%   11-14, 19-22, 27-30
src/anomaly_detection/api/main.py                                             82     25    70%   41-42, 57-59, 70-114, 131-132, 143
src/anomaly_detection/api/middleware.py                                       28     12    57%   29-48, 54-59, 72-76
src/anomaly_detection/api/routers/__init__.py                                  2      0   100%
src/anomaly_detection/api/routers/alerts.py                                    2      0   100%
src/anomaly_detection/api/routers/entities.py                                  2      0   100%
src/anomaly_detection/api/routers/inference.py                                34     14    59%   24-26, 55-76
src/anomaly_detection/classifier/__init__.py                                   0      0   100%
src/anomaly_detection/cold_start/__init__.py                                   0      0   100%
src/anomaly_detection/common/__init__.py                                       0      0   100%
src/anomaly_detection/common/config.py                                        22      3    86%   65-67
src/anomaly_detection/common/exceptions.py                                     8      8     0%   9-23
src/anomaly_detection/common/logging.py                                       16      0   100%
src/anomaly_detection/common/models/__init__.py                                8      0   100%
src/anomaly_detection/common/models/access_log.py                             46      0   100%
src/anomaly_detection/common/models/alerts.py                                 49      0   100%
src/anomaly_detection/common/models/entities.py                               36      0   100%
src/anomaly_detection/common/models/enums.py                                  25      0   100%
src/anomaly_detection/common/models/features.py                               18      0   100%
src/anomaly_detection/common/models/ml_io.py                                  51      0   100%
src/anomaly_detection/data_generator/__init__.py                               7      7     0%   13-24
src/anomaly_detection/data_generator/attack_injector.py                      115    115     0%   11-257
src/anomaly_detection/data_generator/attackers/__init__.py                     0      0   100%
src/anomaly_detection/data_generator/attackers/base.py                        47     47     0%   10-132
src/anomaly_detection/data_generator/attackers/brute_force.py                 44     44     0%   11-128
src/anomaly_detection/data_generator/attackers/credential_stuffing.py         63     63     0%   11-171
src/anomaly_detection/data_generator/attackers/device_spoofing.py             64     64     0%   12-172
src/anomaly_detection/data_generator/attackers/impossible_travel.py           62     62     0%   11-139
src/anomaly_detection/data_generator/attackers/insider_drift.py               90     90     0%   19-239
src/anomaly_detection/data_generator/attackers/lateral_movement.py            78     78     0%   13-190
src/anomaly_detection/data_generator/attackers/low_and_slow.py                57     57     0%   12-145
src/anomaly_detection/data_generator/config.py                                45     45     0%   8-240
src/anomaly_detection/data_generator/entity_profiles.py                       71     71     0%   8-241
src/anomaly_detection/data_generator/generator.py                            334    334     0%   11-1014
src/anomaly_detection/data_generator/injection_config.py                      83     83     0%   8-165
src/anomaly_detection/drift/__init__.py                                        0      0   100%
src/anomaly_detection/evaluation/__init__.py                                   0      0   100%
src/anomaly_detection/explainability/__init__.py                               0      0   100%
src/anomaly_detection/feature_engineering/__init__.py                          7      0   100%
src/anomaly_detection/feature_engineering/config.py                           54      0   100%
src/anomaly_detection/feature_engineering/encoders.py                         95     70    26%   59-60, 80-81, 108, 132-133, 156, 185-187, 225-230, 253, 276, 304, 343-355, 377-380, 416-424, 454-460, 487-493, 520-525, 555, 596-599, 632-635, 669-672
src/anomaly_detection/feature_engineering/feature_extractor.py                71     58    18%   95, 122-292, 321-340
src/anomaly_detection/feature_engineering/feature_pipeline.py                 91     70    23%   105-110, 145-209, 236-246, 268-280, 312, 343-376
src/anomaly_detection/feature_engineering/geo_velocity.py                     27     19    30%   68-86, 127-147
src/anomaly_detection/feature_engineering/profile_store_interface.py          19      1    95%   158
src/anomaly_detection/feature_engineering/sequence_builder.py                 56     40    29%   58-63, 67, 97-109, 141-148, 171-176, 205-217, 236-243, 262, 280
src/anomaly_detection/feature_engineering/session_builder.py                 108     79    27%   52-59, 71-73, 77, 92-95, 107-109, 113, 125-128, 147-148, 179-192, 203-205, 217-219, 246-297, 322-325, 334, 352, 392-402
src/anomaly_detection/models/__init__.py                                       0      0   100%
src/anomaly_detection/models/behavioral_profiling/__init__.py                  0      0   100%
src/anomaly_detection/models/fusion/__init__.py                                2      0   100%
src/anomaly_detection/models/fusion/score_fusion.py                           31     12    61%   28-30, 38, 50-55, 76-79, 86
src/anomaly_detection/models/sequence_detection/__init__.py                    7      0   100%
src/anomaly_detection/models/sequence_detection/attribution_interface.py      47     30    36%   20-21, 42, 52-59, 74-76, 84-123
src/anomaly_detection/models/sequence_detection/base.py                       51     35    31%   21-22, 39-53, 61-70, 79-92, 102-105, 117-125, 130-137, 142-148
src/anomaly_detection/models/sequence_detection/config.py                     42      5    88%   112-113, 117-118, 123
src/anomaly_detection/models/sequence_detection/dataset.py                    50     39    22%   29-36, 39, 42-44, 59-79, 100-118
src/anomaly_detection/models/sequence_detection/inference.py                  58     44    24%   29-38, 45-55, 64-126
src/anomaly_detection/models/sequence_detection/trainer.py                   107     87    19%   28-36, 54-70, 74-93, 98-112, 120-167, 177-216
src/anomaly_detection/stores/__init__.py                                       0      0   100%
src/anomaly_detection/stores/alert_store.py                                   41     22    46%   26, 33, 40, 59, 67, 74, 81-102
src/anomaly_detection/stores/backends/__init__.py                              0      0   100%
src/anomaly_detection/stores/backends/in_memory.py                            46     34    26%   20-22, 25, 28-30, 35, 48-88, 91-96, 99-100
src/anomaly_detection/stores/backends/sqlite.py                               80     50    38%   78-79, 110-111, 128-134, 171-227, 230-236, 239-247
src/anomaly_detection/streaming/__init__.py                                    0      0   100%
src/classification/__init__.py                                                 5      0   100%
src/classification/classifier.py                                              80     64    20%   27-28, 34-35, 41-44, 55-115, 138-176, 187-196, 203-208
src/classification/config.py                                                   9      0   100%
src/classification/dataset.py                                                 42     28    33%   33-48, 54, 60-65, 82-106, 112
src/classification/trainer.py                                                 29     20    31%   19, 32-85
src/cold_start/__init__.py                                                     0      0   100%
src/cold_start/config.py                                                       6      6     0%   5-40
src/cold_start/event_counter.py                                               44     44     0%   5-84
src/cold_start/handler.py                                                     52     52     0%   5-150
src/drift/__init__.py                                                          3      0   100%
src/drift/config.py                                                            6      0   100%
src/drift/ewma_updater.py                                                     38     20    47%   38-39, 50-51, 73-93, 101-102, 112-113, 120-121
src/explainability/__init__.py                                                 3      0   100%
src/explainability/attribution_engine.py                                      60     46    23%   25, 32-64, 70-100, 106-136
src/explainability/config.py                                                   9      0   100%
src/explainability/consistency_validator.py                                   27     17    37%   33, 40-68
src/explainability/engine.py                                                  49     37    24%   28-33, 48-115
src/explainability/feature_phrase_map.py                                       1      0   100%
src/explainability/narrative_translator.py                                   102     89    13%   17, 23-32, 38-59, 65-85, 92-103, 127-195
src/explainability/templates/__init__.py                                      10      0   100%
src/explainability/templates/brute_force.py                                    1      0   100%
src/explainability/templates/cold_start_modifier.py                            1      0   100%
src/explainability/templates/credential_stuffing.py                            1      0   100%
src/explainability/templates/device_spoofing.py                                1      0   100%
src/explainability/templates/impossible_travel.py                              1      0   100%
src/explainability/templates/insider_drift.py                                  2      0   100%
src/explainability/templates/lateral_movement.py                               1      0   100%
src/explainability/templates/low_and_slow.py                                   2      0   100%
src/explainability/templates/unclassified.py                                   1      0   100%
src/orchestrator/__init__.py                                                   4      0   100%
src/orchestrator/alert_builder.py                                             31     13    58%   43-44, 74-77, 82-88
src/orchestrator/config.py                                                     6      0   100%
src/orchestrator/pipeline.py                                                  67     32    52%   145-157, 161-197, 201
src/profiling/__init__.py                                                      5      0   100%
src/profiling/config.py                                                       11      0   100%
src/profiling/population_prior.py                                             38     24    37%   23-25, 41-56, 71, 77-85, 91-94
src/profiling/profile_model.py                                                82     58    29%   54-56, 66-127, 140-192
src/profiling/profile_store.py                                                28     12    57%   34, 41, 47, 53-65, 71-75
--------------------------------------------------------------------------------------------------------
TOTAL                                                                       3556   2491    30%

=========================== short test summary info ============================
ERROR tests/api/test_inference_router.py::test_inference_router_success - Att...
ERROR tests/api/test_inference_router.py::test_inference_router_rejects_label
ERROR tests/api/test_inference_router.py::test_inference_router_malformed_payload
ERROR tests/api/test_inference_router.py::test_inference_consecutive_requests_update_profile
ERROR tests/api/test_inference_router.py::test_lifespan_initializes_once - At...
======================= 245 warnings, 5 errors in 7.07s ========================
