============================= test session starts ==============================
platform darwin -- Python 3.14.5, pytest-8.4.2, pluggy-1.6.0
rootdir: /Users/sharvajvidyutgmail.com/Desktop/files/curriculum/projects/anomaly_detection
configfile: pyproject.toml
plugins: asyncio-0.23.8, cov-5.0.0, anyio-4.14.2, Faker-40.36.0
asyncio: mode=Mode.STRICT
collected 0 items / 1 error

==================================== ERRORS ====================================
_____________ ERROR collecting tests/api/test_inference_router.py ______________
ImportError while importing test module '/Users/sharvajvidyutgmail.com/Desktop/files/curriculum/projects/anomaly_detection/tests/api/test_inference_router.py'.
Hint: make sure your test modules/packages have valid Python names.
Traceback:
/opt/homebrew/Cellar/python@3.14/3.14.5/Frameworks/Python.framework/Versions/3.14/lib/python3.14/importlib/__init__.py:88: in import_module
    return _bootstrap._gcd_import(name[level:], package, level)
           ^^^^^^^^^^^^^^^^^^^^^^^^^^^^^^^^^^^^^^^^^^^^^^^^^^^^
tests/api/test_inference_router.py:7: in <module>
    from anomaly_detection.api.main import create_app
src/anomaly_detection/api/main.py:11: in <module>
    from anomaly_detection.api.routers import inference, alerts, entities
src/anomaly_detection/api/routers/__init__.py:3: in <module>
    from anomaly_detection.api.routers import inference, alerts, entities
src/anomaly_detection/api/routers/inference.py:10: in <module>
    from anomaly_detection.api.dependencies import get_orchestrator
src/anomaly_detection/api/dependencies.py:5: in <module>
    from anomaly_detection.profiling.profile_store import ProfileStore
E   ModuleNotFoundError: No module named 'anomaly_detection.profiling'

---------- coverage: platform darwin, python 3.14.5-final-0 ----------
Name                                                                       Stmts   Miss  Cover   Missing
--------------------------------------------------------------------------------------------------------
src/anomaly_detection/__init__.py                                              0      0   100%
src/anomaly_detection/api/__init__.py                                          0      0   100%
src/anomaly_detection/api/dependencies.py                                     19     16    16%   6-30
src/anomaly_detection/api/main.py                                             79     72     9%   12-143
src/anomaly_detection/api/middleware.py                                       28     19    32%   18-76
src/anomaly_detection/api/routers/__init__.py                                  2      1    50%   5
src/anomaly_detection/api/routers/alerts.py                                    2      2     0%   3-5
src/anomaly_detection/api/routers/entities.py                                  2      2     0%   3-5
src/anomaly_detection/api/routers/inference.py                                34     27    21%   11-76
src/anomaly_detection/classifier/__init__.py                                   0      0   100%
src/anomaly_detection/cold_start/__init__.py                                   0      0   100%
src/anomaly_detection/common/__init__.py                                       0      0   100%
src/anomaly_detection/common/config.py                                        22     22     0%   9-71
src/anomaly_detection/common/exceptions.py                                     8      8     0%   9-23
src/anomaly_detection/common/logging.py                                       16     16     0%   9-49
src/anomaly_detection/common/models/__init__.py                                8      0   100%
src/anomaly_detection/common/models/access_log.py                             46      0   100%
src/anomaly_detection/common/models/alerts.py                                 49      0   100%
src/anomaly_detection/common/models/entities.py                               36      0   100%
src/anomaly_detection/common/models/enums.py                                  25      0   100%
src/anomaly_detection/common/models/features.py                               18      0   100%
src/anomaly_detection/common/models/ml_io.py                                  51      0   100%
src/anomaly_detection/data_generator/__init__.py                               7      7     0%   13-24
src/anomaly_detection/data_generator/attack_injector.py                      115    115     0%   11-257
src/anomaly_detection/data_generator/attackers/__init__.py                     0      0   100%
src/anomaly_detection/data_generator/attackers/base.py                        47     47     0%   10-132
src/anomaly_detection/data_generator/attackers/brute_force.py                 44     44     0%   11-128
src/anomaly_detection/data_generator/attackers/credential_stuffing.py         63     63     0%   11-171
src/anomaly_detection/data_generator/attackers/device_spoofing.py             64     64     0%   12-172
src/anomaly_detection/data_generator/attackers/impossible_travel.py           62     62     0%   11-139
src/anomaly_detection/data_generator/attackers/insider_drift.py               90     90     0%   19-239
src/anomaly_detection/data_generator/attackers/lateral_movement.py            78     78     0%   13-190
src/anomaly_detection/data_generator/attackers/low_and_slow.py                57     57     0%   12-145
src/anomaly_detection/data_generator/config.py                                45     45     0%   8-240
src/anomaly_detection/data_generator/entity_profiles.py                       71     71     0%   8-241
src/anomaly_detection/data_generator/generator.py                            334    334     0%   11-1014
src/anomaly_detection/data_generator/injection_config.py                      83     83     0%   8-165
src/anomaly_detection/drift/__init__.py                                        0      0   100%
src/anomaly_detection/evaluation/__init__.py                                   0      0   100%
src/anomaly_detection/explainability/__init__.py                               0      0   100%
src/anomaly_detection/feature_engineering/__init__.py                          7      7     0%   27-49
src/anomaly_detection/feature_engineering/config.py                           54     54     0%   13-184
src/anomaly_detection/feature_engineering/encoders.py                         95     95     0%   14-672
src/anomaly_detection/feature_engineering/feature_extractor.py                71     71     0%   27-340
src/anomaly_detection/feature_engineering/feature_pipeline.py                 91     91     0%   34-376
src/anomaly_detection/feature_engineering/geo_velocity.py                     27     27     0%   24-147
src/anomaly_detection/feature_engineering/profile_store_interface.py          19     19     0%   19-170
src/anomaly_detection/feature_engineering/sequence_builder.py                 56     56     0%   20-280
src/anomaly_detection/feature_engineering/session_builder.py                 108    108     0%   28-402
src/anomaly_detection/models/__init__.py                                       0      0   100%
src/anomaly_detection/models/behavioral_profiling/__init__.py                  0      0   100%
src/anomaly_detection/models/fusion/__init__.py                                2      2     0%   3-5
src/anomaly_detection/models/fusion/score_fusion.py                           31     31     0%   3-86
src/anomaly_detection/models/sequence_detection/__init__.py                    7      7     0%   8-15
src/anomaly_detection/models/sequence_detection/attribution_interface.py      47     47     0%   6-123
src/anomaly_detection/models/sequence_detection/base.py                       51     51     0%   9-148
src/anomaly_detection/models/sequence_detection/config.py                     42     42     0%   11-123
src/anomaly_detection/models/sequence_detection/dataset.py                    50     50     0%   5-118
src/anomaly_detection/models/sequence_detection/inference.py                  58     58     0%   6-126
src/anomaly_detection/models/sequence_detection/trainer.py                   107    107     0%   6-216
src/anomaly_detection/stores/__init__.py                                       0      0   100%
src/anomaly_detection/stores/alert_store.py                                   41     22    46%   26, 33, 40, 59, 67, 74, 81-102
src/anomaly_detection/stores/backends/__init__.py                              0      0   100%
src/anomaly_detection/stores/backends/in_memory.py                            46     46     0%   6-100
src/anomaly_detection/stores/backends/sqlite.py                               80     80     0%   6-247
src/anomaly_detection/streaming/__init__.py                                    0      0   100%
src/classification/__init__.py                                                 5      5     0%   5-10
src/classification/classifier.py                                              80     80     0%   5-208
src/classification/config.py                                                   9      9     0%   4-40
src/classification/dataset.py                                                 42     42     0%   4-112
src/classification/trainer.py                                                 29     29     0%   5-85
src/cold_start/__init__.py                                                     0      0   100%
src/cold_start/config.py                                                       6      6     0%   5-40
src/cold_start/event_counter.py                                               44     44     0%   5-84
src/cold_start/handler.py                                                     52     52     0%   5-150
src/drift/__init__.py                                                          3      3     0%   3-6
src/drift/config.py                                                            6      6     0%   3-18
src/drift/ewma_updater.py                                                     38     38     0%   3-121
src/explainability/__init__.py                                                 3      3     0%   5-8
src/explainability/attribution_engine.py                                      60     60     0%   6-136
src/explainability/config.py                                                   9      9     0%   5-29
src/explainability/consistency_validator.py                                   27     27     0%   6-68
src/explainability/engine.py                                                  49     49     0%   5-115
src/explainability/feature_phrase_map.py                                       1      1     0%   7
src/explainability/narrative_translator.py                                   102    102     0%   6-195
src/explainability/templates/__init__.py                                      10     10     0%   1-11
src/explainability/templates/brute_force.py                                    1      1     0%   1
src/explainability/templates/cold_start_modifier.py                            1      1     0%   1
src/explainability/templates/credential_stuffing.py                            1      1     0%   1
src/explainability/templates/device_spoofing.py                                1      1     0%   1
src/explainability/templates/impossible_travel.py                              1      1     0%   1
src/explainability/templates/insider_drift.py                                  2      2     0%   1-3
src/explainability/templates/lateral_movement.py                               1      1     0%   1
src/explainability/templates/low_and_slow.py                                   2      2     0%   1-2
src/explainability/templates/unclassified.py                                   1      1     0%   1
src/orchestrator/__init__.py                                                   4      4     0%   3-7
src/orchestrator/alert_builder.py                                             31     31     0%   3-88
src/orchestrator/config.py                                                     6      6     0%   3-13
src/orchestrator/pipeline.py                                                  67     67     0%   3-201
src/profiling/__init__.py                                                      5      5     0%   8-13
src/profiling/config.py                                                       11     11     0%   8-83
src/profiling/population_prior.py                                             38     38     0%   5-94
src/profiling/profile_model.py                                                82     82     0%   8-192
src/profiling/profile_store.py                                                28     28     0%   8-75
--------------------------------------------------------------------------------------------------------
TOTAL                                                                       3553   3274     8%

=========================== short test summary info ============================
ERROR tests/api/test_inference_router.py
!!!!!!!!!!!!!!!!!!!! Interrupted: 1 error during collection !!!!!!!!!!!!!!!!!!!!
=============================== 1 error in 0.56s ===============================
